Arguments: 
  C:\Program Files\nodejs\node.exe C:\Users\ADMIN\AppData\Roaming\npm\node_modules\yarn\bin\yarn.js add sharp --ignore-engines

PATH: 
  C:\Program Files\Java\jdk-14\bin;C:\WINDOWS\system32;C:\WINDOWS;C:\WINDOWS\System32\Wbem;C:\WINDOWS\System32\WindowsPowerShell\v1.0\;C:\WINDOWS\System32\OpenSSH\;C:\Program Files\Intel\WiFi\bin\;C:\Program Files\Common Files\Intel\WirelessCommon\;C:\xampp\php;C:\Program Files\MongoDB\Server\6.0\bin\;C:\ProgramData\chocolatey\bin;C:\Users\ADMIN\AppData\Roaming\nvm;C:\Program Files\nodejs;C:\WINDOWS\system32;C:\WINDOWS;C:\WINDOWS\System32\Wbem;C:\WINDOWS\System32\WindowsPowerShell\v1.0\;C:\WINDOWS\System32\OpenSSH\;C:\xampp\mysql\bin;C:\Program Files\Docker\Docker\resources\bin;C:\Program Files\Azure Data Studio\bin;C:\Users\ADMIN\Dropbox\My PC (DESKTOP-530ACSJ)\Downloads;C:\Users\ADMIN\AppData\Local\Android\Sdk\platform-tools;C:\Program Files\Java\jdk-14\bin;C:\Users\ADMIN\AppData\Roaming\.dotnet;C:\Users\ADMIN\AppData\Local\Programs\Python\Python39\Scripts\;C:\Users\ADMIN\AppData\Local\Programs\Python\Python39\;C:\Ruby30-x64\bin;C:\Users\ADMIN\AppData\Local\Microsoft\WindowsApps;C:\Users\ADMIN\AppData\Local\Programs\Microsoft VS Code\bin;C:\Program Files\MongoDB\Server\6.0\bin\;C:\Users\ADMIN\AppData\Roaming\npm;C:\Users\ADMIN\AppData\Local\Android\Sdk\platform-tools;C:\Users\ADMIN\Dropbox\My PC (DESKTOP-530ACSJ)\Downloads\PortableGit\usr\bin;C:\Users\ADMIN\AppData\Roaming\nvm;C:\Program Files\nodejs;C:\xampp\mysql\bin;C:\Program Files\Azure Data Studio\bin

Yarn version: 
  1.22.19

Node version: 
  16.16.0

Platform: 
  win32 x64

Trace: 
  Error: EPERM: operation not permitted, unlink 'E:\EcommerceWebsite\digitic-backend\node_modules\bcrypt\lib\binding\napi-v3\bcrypt_lib.node'

npm manifest: 
  {
    "name": "ecommerce",
    "version": "1.0.0",
    "description": "",
    "main": "index.js",
    "scripts": {
      "test": "echo \"Error: no test specified\" && exit 1",
      "start": "nodemon index.js"
    },
    "author": "",
    "license": "ISC",
    "dependencies": {
      "@stripe/stripe-js": "^2.2.2",
      "axios": "^1.6.2",
      "bcrypt": "^5.1.0",
      "body-parser": "^1.20.1",
      "cloudinary": "^1.32.0",
      "cookie-parser": "^1.4.6",
      "cors": "^2.8.5",
      "crypto-js": "^4.2.0",
      "dotenv": "^16.0.3",
      "express": "^4.18.2",
      "express-async-handler": "^1.2.0",
      "jsonwebtoken": "^9.0.2",
      "mongoose": "^6.7.2",
      "morgan": "^1.10.0",
      "multer": "^1.4.5-lts.1",
      "nodemailer": "^6.8.0",
      "paypal-rest-sdk": "^1.8.1",
      "razorpay": "^0.0.0",
      "sharp": "^0.33.1",
      "slugify": "^1.6.5",
      "stripe": "^14.10.0",
      "uniqid": "^5.4.0",
      "uuid": "^9.0.1",
      "web3": "^4.3.0"
    },
    "devDependencies": {
      "nodemon": "^3.0.2"
    }
  }

yarn manifest: 
  No manifest

Lockfile: 
  No lockfile
